"Start of log file."
"C:/Users/KINGLI~1/Desktop/RAINBO~1/Assets/Model/RAINBO~3.MAX"
"Starting max loading and fbx conversion"
window = undefined
"Settings units"
"Before fbx export"
"After fbx export"
"Finished max loading and fbx conversion"
"C:/Users/KINGLI~1/Desktop/RAINBO~1/Assets/Model/RAINBO~1.MAX"
"Starting max loading and fbx conversion"
window = undefined
"Settings units"
"Before fbx export"
"After fbx export"
"Finished max loading and fbx conversion"
"C:/Users/KINGLI~1/Desktop/RAINBO~1/Assets/Model/RA8E20~1.MAX"
"Starting max loading and fbx conversion"
window = undefined
"Settings units"
"Before fbx export"
"After fbx export"
"Finished max loading and fbx conversion"
"C:/Users/KINGLI~1/Desktop/RAINBO~1/Assets/Model/RAINBO~2.MAX"
"Starting max loading and fbx conversion"
window = undefined
"Settings units"
"Before fbx export"
"After fbx export"
"Finished max loading and fbx conversion"
"C:/Users/KINGLI~1/Desktop/RAINBO~1/Assets/Model/RAINBO~4.MAX"
"Starting max loading and fbx conversion"
window = undefined
"Settings units"
"Before fbx export"
"After fbx export"
"Finished max loading and fbx conversion"
