Using pre-set license
Built from '2021.1/release' branch; Version is '2021.1.0f1 (61a549675243) revision 6399305'; Using compiler version '192528614'; Build Type 'Release'
OS: 'Windows 10 Pro; OS build 19045.3570; Version 2009; 64bit' Language: 'zh' Physical Memory: 16237 MB
BatchMode: 1, IsHumanControllingUs: 0, StartBugReporterOnCrash: 0, Is64bit: 1, IsPro: 0

 COMMAND LINE ARGUMENTS:
E:\Unity\Editor\2021.1.0f1\Editor\Unity.exe
-adb2
-batchMode
-noUpm
-name
AssetImportWorker0
-projectPath
C:/Users/kinglingmk1/Desktop/Rainbow-Game
-logFile
Logs/AssetImportWorker0.log
-srvPort
63002
Successfully changed project path to: C:/Users/kinglingmk1/Desktop/Rainbow-Game
C:/Users/kinglingmk1/Desktop/Rainbow-Game
Using Asset Import Pipeline V2.
Refreshing native plugins compatible for Editor in 44.99 ms, found 1 plugins.
Preloading 0 native plugins for Editor in 0.00 ms.
Initialize engine version: 2021.1.0f1 (61a549675243)
[Subsystems] Discovering subsystems at path E:/Unity/Editor/2021.1.0f1/Editor/Data/Resources/UnitySubsystems
[Subsystems] Discovering subsystems at path C:/Users/kinglingmk1/Desktop/Rainbow-Game/Assets
GfxDevice: creating device client; threaded=0; jobified=0
Direct3D:
    Version:  Direct3D 11.0 [level 11.1]
    Renderer: NVIDIA GeForce RTX 3060 (ID=0x2504)
    Vendor:   NVIDIA
    VRAM:     12129 MB
    Driver:   31.0.15.4601
Initialize mono
Mono path[0] = 'E:/Unity/Editor/2021.1.0f1/Editor/Data/Managed'
Mono path[1] = 'E:/Unity/Editor/2021.1.0f1/Editor/Data/MonoBleedingEdge/lib/mono/unityjit'
Mono config path = 'E:/Unity/Editor/2021.1.0f1/Editor/Data/MonoBleedingEdge/etc'
Using monoOptions --debugger-agent=transport=dt_socket,embedding=1,server=y,suspend=n,address=127.0.0.1:56704
Begin MonoManager ReloadAssembly
Registering precompiled unity dll's ...
Register platform support module: E:/Unity/Editor/2021.1.0f1/Editor/Data/PlaybackEngines/WebGLSupport/UnityEditor.WebGL.Extensions.dll
Register platform support module: E:/Unity/Editor/2021.1.0f1/Editor/Data/PlaybackEngines/MacStandaloneSupport/UnityEditor.OSXStandalone.Extensions.dll
Register platform support module: E:/Unity/Editor/2021.1.0f1/Editor/Data/PlaybackEngines/WindowsStandaloneSupport/UnityEditor.WindowsStandalone.Extensions.dll
Register platform support module: E:/Unity/Editor/2021.1.0f1/Editor/Data/PlaybackEngines/LinuxStandaloneSupport/UnityEditor.LinuxStandalone.Extensions.dll
Register platform support module: E:/Unity/Editor/2021.1.0f1/Editor/Data/PlaybackEngines/LuminSupport/UnityEditor.Lumin.Extensions.dll
Registered in 0.001139 seconds.
Native extension for Lumin target not found
Native extension for LinuxStandalone target not found
Native extension for WindowsStandalone target not found
Native extension for OSXStandalone target not found
Native extension for WebGL target not found
Refreshing native plugins compatible for Editor in 55.39 ms, found 1 plugins.
Preloading 0 native plugins for Editor in 0.00 ms.
Mono: successfully reloaded assembly
- Completed reload, in  1.114 seconds
Platform modules already initialized, skipping
Registering precompiled user dll's ...
Registered in 0.002169 seconds.
Begin MonoManager ReloadAssembly
Native extension for Lumin target not found
Native extension for LinuxStandalone target not found
Native extension for WindowsStandalone target not found
Native extension for OSXStandalone target not found
Native extension for WebGL target not found
Refreshing native plugins compatible for Editor in 0.28 ms, found 1 plugins.
Preloading 0 native plugins for Editor in 0.00 ms.
Mono: successfully reloaded assembly
- Completed reload, in  0.622 seconds
Platform modules already initialized, skipping
========================================================================
Worker process is ready to serve import requests
Launched and connected shader compiler UnityShaderCompiler.exe after 0.03 seconds
Refreshing native plugins compatible for Editor in 0.34 ms, found 1 plugins.
Preloading 0 native plugins for Editor in 0.00 ms.
Unloading 2664 Unused Serialized files (Serialized files now loaded: 0)
System memory in use before: 97.9 MB.
System memory in use after: 98.1 MB.

Unloading 14 unused Assets to reduce memory usage. Loaded Objects now: 3116.
Total: 1.479000 ms (FindLiveObjects: 0.144100 ms CreateObjectMapping: 0.069800 ms MarkObjects: 1.219600 ms  DeleteObjects: 0.044500 ms)

========================================================================
Received Import Request.
  path: Assets/Model
  artifactKey: Guid(9a3471ff2221422449b122fb70c54b12) Importer(815301076,1909f56bfc062723c751e8b465ee728b)
Start importing Assets/Model using Guid(9a3471ff2221422449b122fb70c54b12) Importer(815301076,1909f56bfc062723c751e8b465ee728b)  -> (artifact id: '63735db7c8882ddb6ef5f6ab5e7ce639') in 0.010510 seconds 
========================================================================
Received Import Request.
  Time since last request: 147.344076 seconds.
  path: Assets/Model/Rainbow_Yelliow.obj
  artifactKey: Guid(dd6923bec6322b94aa2e18bf2c6dbe4f) Importer(815301076,1909f56bfc062723c751e8b465ee728b)
Start importing Assets/Model/Rainbow_Yelliow.obj using Guid(dd6923bec6322b94aa2e18bf2c6dbe4f) Importer(815301076,1909f56bfc062723c751e8b465ee728b)  -> (artifact id: '5fef1a46c823726825ee066eea8ff286') in 0.135677 seconds 
========================================================================
Received Import Request.
  Time since last request: 0.692221 seconds.
  path: Assets/Model/Rainbow_Yellow.max
  artifactKey: Guid(969f5bb4052039d4e9ffd1ac8be89e2d) Importer(815301076,1909f56bfc062723c751e8b465ee728b)
Start importing Assets/Model/Rainbow_Yellow.max using Guid(969f5bb4052039d4e9ffd1ac8be89e2d) Importer(815301076,1909f56bfc062723c751e8b465ee728b)  -> (artifact id: 'e87d427c184bbc49948e4e1ebf582258') in 0.018364 seconds 
========================================================================
Received Import Request.
  Time since last request: 15.559141 seconds.
  path: Assets/Scenes
  artifactKey: Guid(e0acb2b47e863924c9a074ff259db1f6) Importer(815301076,1909f56bfc062723c751e8b465ee728b)
Start importing Assets/Scenes using Guid(e0acb2b47e863924c9a074ff259db1f6) Importer(815301076,1909f56bfc062723c751e8b465ee728b)  -> (artifact id: 'cfc77b353a2c211e0abdc1ddae91a9d2') in 0.005603 seconds 
========================================================================
Received Import Request.
  Time since last request: 162.851795 seconds.
  path: Assets
  artifactKey: Guid(00000000000000001000000000000000) Importer(815301076,1909f56bfc062723c751e8b465ee728b)
Start importing Assets using Guid(00000000000000001000000000000000) Importer(815301076,1909f56bfc062723c751e8b465ee728b)  -> (artifact id: 'c1e3b0d4d28e3570eb9237b2a8027d38') in 0.006046 seconds 
========================================================================
Received Import Request.
  Time since last request: 4.341190 seconds.
  path: Assets/Texture
  artifactKey: Guid(03e4fad389583d541a62f76452f61323) Importer(815301076,1909f56bfc062723c751e8b465ee728b)
Start importing Assets/Texture using Guid(03e4fad389583d541a62f76452f61323) Importer(815301076,1909f56bfc062723c751e8b465ee728b)  -> (artifact id: '4a958fdff65e8a7af37c4e84d6527a92') in 0.005903 seconds 
========================================================================
Received Import Request.
  Time since last request: 8.979537 seconds.
  path: Assets/Material
  artifactKey: Guid(9a3eda4f40ff74343bec1851b6114ac5) Importer(815301076,1909f56bfc062723c751e8b465ee728b)
Start importing Assets/Material using Guid(9a3eda4f40ff74343bec1851b6114ac5) Importer(815301076,1909f56bfc062723c751e8b465ee728b)  -> (artifact id: 'd222b8a506d32fe62dfb8f9eb955a14d') in 0.006379 seconds 
========================================================================
Received Import Request.
  Time since last request: 461.730869 seconds.
  path: Assets/Scenes/SampleScene.unity
  artifactKey: Guid(9fc0d4010bbf28b4594072e72b8655ab) Importer(815301076,1909f56bfc062723c751e8b465ee728b)
Start importing Assets/Scenes/SampleScene.unity using Guid(9fc0d4010bbf28b4594072e72b8655ab) Importer(815301076,1909f56bfc062723c751e8b465ee728b)  -> (artifact id: '974c3f37b96923e2a1fc1f729d12c3a7') in 0.006594 seconds 
========================================================================
Received Import Request.
  Time since last request: 1.463090 seconds.
  path: Assets/Scenes/Main.unity
  artifactKey: Guid(506a7e75dd967ff4abb9f11e90acd2af) Importer(815301076,1909f56bfc062723c751e8b465ee728b)
Start importing Assets/Scenes/Main.unity using Guid(506a7e75dd967ff4abb9f11e90acd2af) Importer(815301076,1909f56bfc062723c751e8b465ee728b)  -> (artifact id: 'b5f63ca1ce0a4e783ef300d62c986818') in 0.006548 seconds 
========================================================================
Received Prepare
Registering precompiled user dll's ...
Registered in 0.002053 seconds.
Begin MonoManager ReloadAssembly
Native extension for Lumin target not found
Native extension for LinuxStandalone target not found
Native extension for WindowsStandalone target not found
Native extension for OSXStandalone target not found
Native extension for WebGL target not found
Refreshing native plugins compatible for Editor in 0.30 ms, found 1 plugins.
Preloading 0 native plugins for Editor in 0.00 ms.
Mono: successfully reloaded assembly
- Completed reload, in  0.591 seconds
Platform modules already initialized, skipping
Refreshing native plugins compatible for Editor in 0.30 ms, found 1 plugins.
Preloading 0 native plugins for Editor in 0.00 ms.
Unloading 2658 Unused Serialized files (Serialized files now loaded: 0)
System memory in use before: 101.9 MB.
System memory in use after: 102.1 MB.

Unloading 10 unused Assets to reduce memory usage. Loaded Objects now: 3162.
Total: 1.357200 ms (FindLiveObjects: 0.133700 ms CreateObjectMapping: 0.063800 ms MarkObjects: 1.135000 ms  DeleteObjects: 0.023300 ms)

========================================================================
Received Prepare
Registering precompiled user dll's ...
Registered in 0.002011 seconds.
Begin MonoManager ReloadAssembly
Native extension for Lumin target not found
Native extension for LinuxStandalone target not found
Native extension for WindowsStandalone target not found
Native extension for OSXStandalone target not found
Native extension for WebGL target not found
Refreshing native plugins compatible for Editor in 0.31 ms, found 1 plugins.
Preloading 0 native plugins for Editor in 0.00 ms.
Mono: successfully reloaded assembly
- Completed reload, in  0.569 seconds
Platform modules already initialized, skipping
Refreshing native plugins compatible for Editor in 0.32 ms, found 1 plugins.
Preloading 0 native plugins for Editor in 0.00 ms.
Unloading 2666 Unused Serialized files (Serialized files now loaded: 0)
System memory in use before: 102.2 MB.
System memory in use after: 102.4 MB.

Unloading 9 unused Assets to reduce memory usage. Loaded Objects now: 3173.
Total: 1.406400 ms (FindLiveObjects: 0.147400 ms CreateObjectMapping: 0.064800 ms MarkObjects: 1.180000 ms  DeleteObjects: 0.013000 ms)

========================================================================
Received Prepare
Registering precompiled user dll's ...
Registered in 0.002860 seconds.
Begin MonoManager ReloadAssembly
Native extension for Lumin target not found
Native extension for LinuxStandalone target not found
Native extension for WindowsStandalone target not found
Native extension for OSXStandalone target not found
Native extension for WebGL target not found
Refreshing native plugins compatible for Editor in 0.42 ms, found 4 plugins.
Preloading 1 native plugins for Editor in 1.04 ms.
[XR] OculusXRPlugin: registering subsystems
[XR] Unable to register display lifecyle provider: [1]
[XR] Oculus Input lifecycle provider registered.
[XR] Unable to register input lifecyle provider: [1]
NullReferenceException: Object reference not set to an instance of an object
  at Unity.XR.Oculus.OculusLoader.AssetPathToAbsolutePath (System.String assetPath) [0x00048] in C:\Users\kinglingmk1\Desktop\Rainbow-Game\Library\PackageCache\com.unity.xr.oculus@1.8.1\Runtime\OculusLoader.cs:243 
  at Unity.XR.Oculus.OculusLoader.EditorLoadOVRPlugin () [0x0007b] in C:\Users\kinglingmk1\Desktop\Rainbow-Game\Library\PackageCache\com.unity.xr.oculus@1.8.1\Runtime\OculusLoader.cs:228 

(Filename: Library/PackageCache/com.unity.xr.oculus@1.8.1/Runtime/OculusLoader.cs Line: 243)

Mono: successfully reloaded assembly
- Completed reload, in  0.614 seconds
Platform modules already initialized, skipping
Refreshing native plugins compatible for Editor in 0.38 ms, found 4 plugins.
Preloading 1 native plugins for Editor in 0.08 ms.
Unloading 2766 Unused Serialized files (Serialized files now loaded: 0)
System memory in use before: 105.6 MB.
System memory in use after: 105.9 MB.

Unloading 9 unused Assets to reduce memory usage. Loaded Objects now: 3277.
Total: 1.450400 ms (FindLiveObjects: 0.152200 ms CreateObjectMapping: 0.056800 ms MarkObjects: 1.223800 ms  DeleteObjects: 0.016400 ms)

========================================================================
Received Prepare
Registering precompiled user dll's ...
Registered in 0.004554 seconds.
Begin MonoManager ReloadAssembly
Native extension for Lumin target not found
Native extension for LinuxStandalone target not found
Native extension for WindowsStandalone target not found
Native extension for OSXStandalone target not found
Native extension for WebGL target not found
Refreshing native plugins compatible for Editor in 0.52 ms, found 9 plugins.
Preloading 1 native plugins for Editor in 0.11 ms.
Mono: successfully reloaded assembly
- Completed reload, in  0.470 seconds
Platform modules already initialized, skipping
Refreshing native plugins compatible for Editor in 0.49 ms, found 9 plugins.
Preloading 1 native plugins for Editor in 0.07 ms.
Unloading 3139 Unused Serialized files (Serialized files now loaded: 0)
System memory in use before: 118.2 MB.
System memory in use after: 118.4 MB.

Unloading 20 unused Assets to reduce memory usage. Loaded Objects now: 3649.
Total: 1.428900 ms (FindLiveObjects: 0.157300 ms CreateObjectMapping: 0.064100 ms MarkObjects: 1.184900 ms  DeleteObjects: 0.021700 ms)

AssetImportWorkerClient::OnTransportError - code=2 error=End of file
